<?xml version="1.0" encoding="utf-8"?><testsuites name="pytest tests"><testsuite name="pytest" errors="0" failures="0" skipped="0" tests="12" time="2.803" timestamp="2026-07-26T10:16:18.721191+00:00" hostname="agent-env-f486cb12-7a3d-450c-bc72-acffb338474d"><testcase classname="tests.backend_test" name="test_health" time="0.207" /><testcase classname="tests.backend_test" name="test_reviews_returns_8" time="0.089" /><testcase classname="tests.backend_test" name="test_questions_public_seeded_8_ordered" time="0.107" /><testcase classname="tests.backend_test" name="test_questions_all_requires_admin" time="0.108" /><testcase classname="tests.backend_test" name="test_questions_all_with_admin" time="0.467" /><testcase classname="tests.backend_test" name="test_question_create_update_delete" time="0.604" /><testcase classname="tests.backend_test" name="test_survey_submit_new_shape_with_empty_email" time="0.228" /><testcase classname="tests.backend_test" name="test_survey_list_admin_contains_answers" time="0.090" /><testcase classname="tests.backend_test" name="test_vacancies_endpoints_removed[/vacancies-GET]" time="0.093" /><testcase classname="tests.backend_test" name="test_vacancies_endpoints_removed[/vacancies/all-GET]" time="0.128" /><testcase classname="tests.backend_test" name="test_vacancies_endpoints_removed[/vacancies-POST]" time="0.096" /><testcase classname="tests.backend_test" name="test_vacancies_endpoints_removed[/vacancies/xxx-DELETE]" time="0.093" /></testsuite></testsuites>