<?xml version="1.0" encoding="utf-8"?><testsuites name="pytest tests"><testsuite name="pytest" errors="0" failures="0" skipped="0" tests="10" time="2.815" timestamp="2026-07-25T09:03:57.495965+00:00" hostname="agent-env-f486cb12-7a3d-450c-bc72-acffb338474d"><testcase classname="tests.backend_test" name="test_health" time="0.241" /><testcase classname="tests.backend_test" name="test_reviews_returns_8_curated" time="0.125" /><testcase classname="tests.backend_test" name="test_vacancies_public_seeded" time="0.127" /><testcase classname="tests.backend_test" name="test_vacancies_all_requires_auth" time="0.122" /><testcase classname="tests.backend_test" name="test_vacancies_all_with_admin" time="0.459" /><testcase classname="tests.backend_test" name="test_create_and_delete_vacancy" time="0.414" /><testcase classname="tests.backend_test" name="test_survey_submit_minimal" time="0.099" /><testcase classname="tests.backend_test" name="test_survey_submit_full" time="0.092" /><testcase classname="tests.backend_test" name="test_survey_list_admin" time="0.092" /><testcase classname="tests.backend_test" name="test_survey_upload_image" time="0.561" /></testsuite></testsuites>